<?xml version="1.0" encoding="UTF-8"?>
<beans xmlns="http://www.springframework.org/schema/beans" 
		xmlns:xsi="http://www.w3.org/2001/XMLSchema-instance"
		xmlns:tx="http://www.springframework.org/schema/tx"
		xmlns:jee="http://www.springframework.org/schema/jee"
		xsi:schemaLocation="http://www.springframework.org/schema/beans 
       		http://www.springframework.org/schema/beans/spring-beans-3.0.xsd
       		http://www.springframework.org/schema/jee
			http://www.springframework.org/schema/jee/spring-jee-3.0.xsd
            http://www.springframework.org/schema/tx 
            http://www.springframework.org/schema/tx/spring-tx-3.0.xsd">
            
    

    <bean id="transactionManager" class="org.springframework.jdbc.datasource.DataSourceTransactionManager">
        <property name="dataSource" ref="dataSource"></property>
    </bean>
    
    <bean id="dataSource" class="org.apache.commons.dbcp.BasicDataSource" destroy-method="close">
        <property name="driverClassName" value="${jdbc.driverClassName}"/>
        <property name="url" value="${jdbc.url}"/>
        <property name="username" value="${jdbc.username}"/>
        <property name="password" value="${jdbc.password}"/>
        <property name="maxActive" value="100"/>
        <property name="maxIdle" value="30"/>
        <property name="maxWait" value="1000"/>
        <property name="defaultAutoCommit" value="true"/>
        <property name="removeAbandoned" value="true"/>
        <property name="removeAbandonedTimeout" value="60"/>
    </bean>
    
	<!-- Connector beans -->
    <bean id="sapClientConnector" class="com.fb.platform.sap.client.mock.MockSapClientConnector">
	</bean> 

    <!-- Handler Beans --> 
    <bean id="sapClientHandler" class="com.fb.platform.sap.client.handler.impl.SapClientHandler">
        <property name="sapClientConnector" ref="sapClientConnector"></property>
    </bean>
    
</beans>
